<?xml version="1.0" encoding="UTF-8"?>
<!-- Generated by org.testng.reporters.JUnitXMLReporter -->
<testsuite ignored="0" hostname="DESKTOP-R8GVFU8" failures="0" tests="3" name="Default test" time="15.533" errors="0" timestamp="02 Mar 2024 12:14:57 GMT">
  <testcase classname="testng.GoogleTest" name="googleTitleTest" time="0.026"/>
  <testcase classname="testng.GoogleTest" name="googleLogoTest" time="0.07"/>
  <testcase classname="testng.GoogleTest" name="googlelinkTest" time="0.03"/>
</testsuite> <!-- Default test -->
