<?xml version="1.0" encoding="UTF-8"?>
<testng-results ignored="0" total="1" passed="1" failed="0" skipped="0">
  <reporter-output>
  </reporter-output>
  <suite started-at="2024-03-03T07:16:29Z" name="Yahoo test automation" finished-at="2024-03-03T07:16:43Z" duration-ms="13428">
    <groups>
    </groups>
    <test started-at="2024-03-03T07:16:29Z" name="Test parameter Testng" finished-at="2024-03-03T07:16:43Z" duration-ms="13428">
      <class name="testng.ParameterTest">
        <test-method signature="YahooTest(java.lang.String, java.lang.String, java.lang.String)[pri:0, instance:testng.ParameterTest@11a9e7c8]" started-at="2024-03-03T12:46:29Z" name="YahooTest" finished-at="2024-03-03T12:46:43Z" duration-ms="13414" status="PASS">
          <params>
            <param index="0">
              <value>
                <![CDATA[chromee]]>
              </value>
            </param>
            <param index="1">
              <value>
                <![CDATA[https://login.yahoo.com]]>
              </value>
            </param>
            <param index="2">
              <value>
                <![CDATA[test@yahoo.com]]>
              </value>
            </param>
          </params>
          <reporter-output>
          </reporter-output>
        </test-method> <!-- YahooTest -->
      </class> <!-- testng.ParameterTest -->
    </test> <!-- Test parameter Testng -->
  </suite> <!-- Yahoo test automation -->
</testng-results>
